# JRE version: OpenJDK Runtime Environment Temurin-17.0.18+8 (17.0.18+8) (build 17.0.18+8)
# Java VM: OpenJDK 64-Bit Server VM Temurin-17.0.18+8 (17.0.18+8, mixed mode, sharing, tiered, compressed oops, compressed class ptrs, g1 gc, linux-amd64)
GC Precious Log:
 CPUs: 12 total, 12 available
 Memory: 19857M
 Large Page Support: Disabled
 NUMA Support: Disabled
 Compressed Oops: Enabled (Zero based)
 Heap Region Size: 4M
 Heap Min Capacity: 8M
 Heap Initial Capacity: 312M
 Heap Max Capacity: 4968M
 Pre-touch: Disabled
 Parallel Workers: 10
 Concurrent Workers: 3
 Concurrent Refinement Workers: 10
 Periodic GC: Disabled
Heap:
 garbage-first heap   total 2109440K, used 981949K [0x00000006c9800000, 0x0000000800000000)
  region size 4096K, 8 young (32768K), 6 survivors (24576K)
 Metaspace       used 121778K, committed 123648K, reserved 1179648K
  class space    used 17651K, committed 18496K, reserved 1048576K
GC Heap History (20 events):
Event: 17.309 GC heap before
{Heap before GC invocations=33 (full 0):
 garbage-first heap   total 741376K, used 572737K [0x00000006c9800000, 0x0000000800000000)
  region size 4096K, 66 young (270336K), 10 survivors (40960K)
 Metaspace       used 106873K, committed 108480K, reserved 1179648K
  class space    used 15736K, committed 16448K, reserved 1048576K
}
Event: 17.374 GC heap after
{Heap after GC invocations=34 (full 0):
 garbage-first heap   total 770048K, used 490892K [0x00000006c9800000, 0x0000000800000000)
  region size 4096K, 9 young (36864K), 9 survivors (36864K)
 Metaspace       used 106873K, committed 108480K, reserved 1179648K
  class space    used 15736K, committed 16448K, reserved 1048576K
}
Event: 17.422 GC heap before
{Heap before GC invocations=34 (full 0):
 garbage-first heap   total 770048K, used 585100K [0x00000006c9800000, 0x0000000800000000)
  region size 4096K, 32 young (131072K), 9 survivors (36864K)
 Metaspace       used 106896K, committed 108544K, reserved 1179648K
  class space    used 15739K, committed 16448K, reserved 1048576K
}
Event: 17.453 GC heap after
{Heap after GC invocations=35 (full 0):
 garbage-first heap   total 770048K, used 563929K [0x00000006c9800000, 0x0000000800000000)
  region size 4096K, 4 young (16384K), 4 survivors (16384K)
 Metaspace       used 106896K, committed 108544K, reserved 1179648K
  class space    used 15739K, committed 16448K, reserved 1048576K
}
Event: 17.487 GC heap before
{Heap before GC invocations=35 (full 0):
 garbage-first heap   total 770048K, used 613081K [0x00000006c9800000, 0x0000000800000000)
  region size 4096K, 16 young (65536K), 4 survivors (16384K)
 Metaspace       used 106897K, committed 108544K, reserved 1179648K
  class space    used 15739K, committed 16448K, reserved 1048576K
}
Event: 17.502 GC heap after
{Heap after GC invocations=36 (full 0):
 garbage-first heap   total 770048K, used 604375K [0x00000006c9800000, 0x0000000800000000)
  region size 4096K, 2 young (8192K), 2 survivors (8192K)
 Metaspace       used 106897K, committed 108544K, reserved 1179648K
  class space    used 15739K, committed 16448K, reserved 1048576K
}
Event: 17.514 GC heap before
{Heap before GC invocations=36 (full 0):
 garbage-first heap   total 770048K, used 633047K [0x00000006c9800000, 0x0000000800000000)
  region size 4096K, 9 young (36864K), 2 survivors (8192K)
 Metaspace       used 106898K, committed 108544K, reserved 1179648K
  class space    used 15739K, committed 16448K, reserved 1048576K
}
Event: 17.526 GC heap after
{Heap after GC invocations=37 (full 0):
 garbage-first heap   total 2109440K, used 628481K [0x00000006c9800000, 0x0000000800000000)
  region size 4096K, 2 young (8192K), 2 survivors (8192K)
 Metaspace       used 106898K, committed 108544K, reserved 1179648K
  class space    used 15739K, committed 16448K, reserved 1048576K
}
Event: 18.544 GC heap before
{Heap before GC invocations=38 (full 0):
 garbage-first heap   total 2109440K, used 1312513K [0x00000006c9800000, 0x0000000800000000)
  region size 4096K, 169 young (692224K), 2 survivors (8192K)
 Metaspace       used 107993K, committed 109696K, reserved 1179648K
  class space    used 15864K, committed 16640K, reserved 1048576K
}
Event: 18.608 GC heap after
{Heap after GC invocations=39 (full 0):
 garbage-first heap   total 2109440K, used 838894K [0x00000006c9800000, 0x0000000800000000)
  region size 4096K, 22 young (90112K), 22 survivors (90112K)
 Metaspace       used 107993K, committed 109696K, reserved 1179648K
  class space    used 15864K, committed 16640K, reserved 1048576K
}
Event: 18.628 GC heap before
{Heap before GC invocations=39 (full 0):
 garbage-first heap   total 2109440K, used 851182K [0x00000006c9800000, 0x0000000800000000)
  region size 4096K, 25 young (102400K), 22 survivors (90112K)
 Metaspace       used 107993K, committed 109696K, reserved 1179648K
  class space    used 15864K, committed 16640K, reserved 1048576K
}
Event: 18.659 GC heap after
{Heap after GC invocations=40 (full 0):
 garbage-first heap   total 2109440K, used 856069K [0x00000006c9800000, 0x0000000800000000)
  region size 4096K, 3 young (12288K), 3 survivors (12288K)
 Metaspace       used 107993K, committed 109696K, reserved 1179648K
  class space    used 15864K, committed 16640K, reserved 1048576K
}
Event: 19.474 GC heap before
{Heap before GC invocations=40 (full 0):
 garbage-first heap   total 2109440K, used 1363973K [0x00000006c9800000, 0x0000000800000000)
  region size 4096K, 128 young (524288K), 3 survivors (12288K)
 Metaspace       used 109280K, committed 111040K, reserved 1179648K
  class space    used 16034K, committed 16832K, reserved 1048576K
}
Event: 19.487 GC heap after
{Heap after GC invocations=41 (full 0):
 garbage-first heap   total 2109440K, used 895187K [0x00000006c9800000, 0x0000000800000000)
  region size 4096K, 12 young (49152K), 12 survivors (49152K)
 Metaspace       used 109280K, committed 111040K, reserved 1179648K
  class space    used 16034K, committed 16832K, reserved 1048576K
}
Event: 21.069 GC heap before
{Heap before GC invocations=41 (full 0):
 garbage-first heap   total 2109440K, used 1423571K [0x00000006c9800000, 0x0000000800000000)
  region size 4096K, 142 young (581632K), 12 survivors (49152K)
 Metaspace       used 120035K, committed 121856K, reserved 1179648K
  class space    used 17488K, committed 18304K, reserved 1048576K
}
Event: 21.100 GC heap after
{Heap after GC invocations=42 (full 0):
 garbage-first heap   total 2109440K, used 970851K [0x00000006c9800000, 0x0000000800000000)
  region size 4096K, 18 young (73728K), 18 survivors (73728K)
 Metaspace       used 120035K, committed 121856K, reserved 1179648K
  class space    used 17488K, committed 18304K, reserved 1048576K
}
Event: 21.796 GC heap before
{Heap before GC invocations=42 (full 0):
 garbage-first heap   total 2109440K, used 1507427K [0x00000006c9800000, 0x0000000800000000)
  region size 4096K, 150 young (614400K), 18 survivors (73728K)
 Metaspace       used 120933K, committed 122816K, reserved 1179648K
  class space    used 17554K, committed 18368K, reserved 1048576K
}
Event: 21.814 GC heap after
{Heap after GC invocations=43 (full 0):
 garbage-first heap   total 2109440K, used 989540K [0x00000006c9800000, 0x0000000800000000)
  region size 4096K, 7 young (28672K), 7 survivors (28672K)
 Metaspace       used 120933K, committed 122816K, reserved 1179648K
  class space    used 17554K, committed 18368K, reserved 1048576K
}
Event: 22.236 GC heap before
{Heap before GC invocations=43 (full 0):
 garbage-first heap   total 2109440K, used 1558884K [0x00000006c9800000, 0x0000000800000000)
  region size 4096K, 147 young (602112K), 7 survivors (28672K)
 Metaspace       used 121266K, committed 123136K, reserved 1179648K
  class space    used 17575K, committed 18432K, reserved 1048576K
}
Event: 22.246 GC heap after
{Heap after GC invocations=44 (full 0):
 garbage-first heap   total 2109440K, used 988277K [0x00000006c9800000, 0x0000000800000000)
  region size 4096K, 6 young (24576K), 6 survivors (24576K)
 Metaspace       used 121266K, committed 123136K, reserved 1179648K
  class space    used 17575K, committed 18432K, reserved 1048576K
}

